# JRE version: OpenJDK Runtime Environment Temurin-21.0.7+6 (21.0.7+6) (build 21.0.7+6-LTS)
# Java VM: OpenJDK 64-Bit Server VM Temurin-21.0.7+6 (21.0.7+6-LTS, mixed mode, sharing, tiered, compressed oops, compressed class ptrs, parallel gc, windows-amd64)
GC Precious Log:
 CardTable entry size: 512
 CPUs: 8 total, 8 available
 Memory: 16263M
 Large Page Support: Disabled
 NUMA Support: Disabled
 Compressed Oops: Enabled (32-bit)
 Alignments: Space 512K, Generation 512K, Heap 2M
 Heap Min Capacity: 100M
 Heap Initial Capacity: 100M
 Heap Max Capacity: 1G
 Pre-touch: Disabled
 Parallel Workers: 8
Heap:
 PSYoungGen      total 7680K, used 4582K [0x00000000eab00000, 0x00000000ebf80000, 0x0000000100000000)
  eden space 5632K, 45% used [0x00000000eab00000,0x00000000ead80ac8,0x00000000eb080000)
  from space 2048K, 98% used [0x00000000eb080000,0x00000000eb279010,0x00000000eb280000)
  to   space 7680K, 0% used [0x00000000eb800000,0x00000000eb800000,0x00000000ebf80000)
 ParOldGen       total 327680K, used 327272K [0x00000000c0000000, 0x00000000d4000000, 0x00000000eab00000)
  object space 327680K, 99% used [0x00000000c0000000,0x00000000d3f9a3b0,0x00000000d4000000)
 Metaspace       used 77535K, committed 79232K, reserved 1179648K
  class space    used 7787K, committed 8512K, reserved 1048576K
GC Heap History (20 events):
Event: 3011.650 GC heap before
{Heap before GC invocations=382 (full 3):
 PSYoungGen      total 2560K, used 2081K [0x00000000eab00000, 0x00000000eae80000, 0x0000000100000000)
  eden space 1536K, 100% used [0x00000000eab00000,0x00000000eac80000,0x00000000eac80000)
  from space 1024K, 53% used [0x00000000ead80000,0x00000000eae086b0,0x00000000eae80000)
  to   space 1024K, 0% used [0x00000000eac80000,0x00000000eac80000,0x00000000ead80000)
 ParOldGen       total 299520K, used 299028K [0x00000000c0000000, 0x00000000d2480000, 0x00000000eab00000)
  object space 299520K, 99% used [0x00000000c0000000,0x00000000d24051f0,0x00000000d2480000)
 Metaspace       used 77440K, committed 79040K, reserved 1179648K
  class space    used 7786K, committed 8512K, reserved 1048576K
}
Event: 3011.653 GC heap after
{Heap after GC invocations=382 (full 3):
 PSYoungGen      total 2560K, used 1002K [0x00000000eab00000, 0x00000000eb100000, 0x0000000100000000)
  eden space 1536K, 0% used [0x00000000eab00000,0x00000000eab00000,0x00000000eac80000)
  from space 1024K, 97% used [0x00000000eac80000,0x00000000ead7aa90,0x00000000ead80000)
  to   space 2048K, 0% used [0x00000000eaf00000,0x00000000eaf00000,0x00000000eb100000)
 ParOldGen       total 300032K, used 299599K [0x00000000c0000000, 0x00000000d2500000, 0x00000000eab00000)
  object space 300032K, 99% used [0x00000000c0000000,0x00000000d2493f50,0x00000000d2500000)
 Metaspace       used 77440K, committed 79040K, reserved 1179648K
  class space    used 7786K, committed 8512K, reserved 1048576K
}
Event: 3011.678 GC heap before
{Heap before GC invocations=383 (full 3):
 PSYoungGen      total 2560K, used 2538K [0x00000000eab00000, 0x00000000eb100000, 0x0000000100000000)
  eden space 1536K, 100% used [0x00000000eab00000,0x00000000eac80000,0x00000000eac80000)
  from space 1024K, 97% used [0x00000000eac80000,0x00000000ead7aa90,0x00000000ead80000)
  to   space 2048K, 0% used [0x00000000eaf00000,0x00000000eaf00000,0x00000000eb100000)
 ParOldGen       total 300032K, used 299599K [0x00000000c0000000, 0x00000000d2500000, 0x00000000eab00000)
  object space 300032K, 99% used [0x00000000c0000000,0x00000000d2493f50,0x00000000d2500000)
 Metaspace       used 77440K, committed 79040K, reserved 1179648K
  class space    used 7786K, committed 8512K, reserved 1048576K
}
Event: 3011.681 GC heap after
{Heap after GC invocations=383 (full 3):
 PSYoungGen      total 3584K, used 1248K [0x00000000eab00000, 0x00000000eb080000, 0x0000000100000000)
  eden space 2048K, 0% used [0x00000000eab00000,0x00000000eab00000,0x00000000ead00000)
  from space 1536K, 81% used [0x00000000eaf00000,0x00000000eb038000,0x00000000eb080000)
  to   space 1536K, 0% used [0x00000000ead80000,0x00000000ead80000,0x00000000eaf00000)
 ParOldGen       total 300544K, used 300543K [0x00000000c0000000, 0x00000000d2580000, 0x00000000eab00000)
  object space 300544K, 99% used [0x00000000c0000000,0x00000000d257fe48,0x00000000d2580000)
 Metaspace       used 77440K, committed 79040K, reserved 1179648K
  class space    used 7786K, committed 8512K, reserved 1048576K
}
Event: 3011.713 GC heap before
{Heap before GC invocations=384 (full 3):
 PSYoungGen      total 3584K, used 3296K [0x00000000eab00000, 0x00000000eb080000, 0x0000000100000000)
  eden space 2048K, 100% used [0x00000000eab00000,0x00000000ead00000,0x00000000ead00000)
  from space 1536K, 81% used [0x00000000eaf00000,0x00000000eb038000,0x00000000eb080000)
  to   space 1536K, 0% used [0x00000000ead80000,0x00000000ead80000,0x00000000eaf00000)
 ParOldGen       total 300544K, used 300543K [0x00000000c0000000, 0x00000000d2580000, 0x00000000eab00000)
  object space 300544K, 99% used [0x00000000c0000000,0x00000000d257fe48,0x00000000d2580000)
 Metaspace       used 77441K, committed 79040K, reserved 1179648K
  class space    used 7786K, committed 8512K, reserved 1048576K
}
Event: 3012.728 GC heap after
{Heap after GC invocations=384 (full 3):
 PSYoungGen      total 4096K, used 1536K [0x00000000eab00000, 0x00000000eb480000, 0x0000000100000000)
  eden space 2560K, 0% used [0x00000000eab00000,0x00000000eab00000,0x00000000ead80000)
  from space 1536K, 100% used [0x00000000ead80000,0x00000000eaf00000,0x00000000eaf00000)
  to   space 3584K, 0% used [0x00000000eb100000,0x00000000eb100000,0x00000000eb480000)
 ParOldGen       total 302080K, used 301887K [0x00000000c0000000, 0x00000000d2700000, 0x00000000eab00000)
  object space 302080K, 99% used [0x00000000c0000000,0x00000000d26cfe48,0x00000000d2700000)
 Metaspace       used 77441K, committed 79040K, reserved 1179648K
  class space    used 7786K, committed 8512K, reserved 1048576K
}
Event: 3012.769 GC heap before
{Heap before GC invocations=385 (full 3):
 PSYoungGen      total 4096K, used 4085K [0x00000000eab00000, 0x00000000eb480000, 0x0000000100000000)
  eden space 2560K, 99% used [0x00000000eab00000,0x00000000ead7d6e0,0x00000000ead80000)
  from space 1536K, 100% used [0x00000000ead80000,0x00000000eaf00000,0x00000000eaf00000)
  to   space 3584K, 0% used [0x00000000eb100000,0x00000000eb100000,0x00000000eb480000)
 ParOldGen       total 302080K, used 301887K [0x00000000c0000000, 0x00000000d2700000, 0x00000000eab00000)
  object space 302080K, 99% used [0x00000000c0000000,0x00000000d26cfe48,0x00000000d2700000)
 Metaspace       used 77444K, committed 79040K, reserved 1179648K
  class space    used 7786K, committed 8512K, reserved 1048576K
}
Event: 3012.782 GC heap after
{Heap after GC invocations=385 (full 3):
 PSYoungGen      total 5120K, used 1952K [0x00000000eab00000, 0x00000000eb300000, 0x0000000100000000)
  eden space 3072K, 0% used [0x00000000eab00000,0x00000000eab00000,0x00000000eae00000)
  from space 2048K, 95% used [0x00000000eb100000,0x00000000eb2e8000,0x00000000eb300000)
  to   space 2560K, 0% used [0x00000000eae00000,0x00000000eae00000,0x00000000eb080000)
 ParOldGen       total 303616K, used 303448K [0x00000000c0000000, 0x00000000d2880000, 0x00000000eab00000)
  object space 303616K, 99% used [0x00000000c0000000,0x00000000d2856140,0x00000000d2880000)
 Metaspace       used 77444K, committed 79040K, reserved 1179648K
  class space    used 7786K, committed 8512K, reserved 1048576K
}
Event: 3012.851 GC heap before
{Heap before GC invocations=386 (full 3):
 PSYoungGen      total 5120K, used 5024K [0x00000000eab00000, 0x00000000eb300000, 0x0000000100000000)
  eden space 3072K, 100% used [0x00000000eab00000,0x00000000eae00000,0x00000000eae00000)
  from space 2048K, 95% used [0x00000000eb100000,0x00000000eb2e8000,0x00000000eb300000)
  to   space 2560K, 0% used [0x00000000eae00000,0x00000000eae00000,0x00000000eb080000)
 ParOldGen       total 303616K, used 303448K [0x00000000c0000000, 0x00000000d2880000, 0x00000000eab00000)
  object space 303616K, 99% used [0x00000000c0000000,0x00000000d2856140,0x00000000d2880000)
 Metaspace       used 77444K, committed 79040K, reserved 1179648K
  class space    used 7786K, committed 8512K, reserved 1048576K
}
Event: 3012.863 GC heap after
{Heap after GC invocations=386 (full 3):
 PSYoungGen      total 5632K, used 2560K [0x00000000eab00000, 0x00000000eb900000, 0x0000000100000000)
  eden space 3072K, 0% used [0x00000000eab00000,0x00000000eab00000,0x00000000eae00000)
  from space 2560K, 100% used [0x00000000eae00000,0x00000000eb080000,0x00000000eb080000)
  to   space 5120K, 0% used [0x00000000eb400000,0x00000000eb400000,0x00000000eb900000)
 ParOldGen       total 305664K, used 305440K [0x00000000c0000000, 0x00000000d2a80000, 0x00000000eab00000)
  object space 305664K, 99% used [0x00000000c0000000,0x00000000d2a48150,0x00000000d2a80000)
 Metaspace       used 77444K, committed 79040K, reserved 1179648K
  class space    used 7786K, committed 8512K, reserved 1048576K
}
Event: 3012.917 GC heap before
{Heap before GC invocations=387 (full 3):
 PSYoungGen      total 5632K, used 5632K [0x00000000eab00000, 0x00000000eb900000, 0x0000000100000000)
  eden space 3072K, 100% used [0x00000000eab00000,0x00000000eae00000,0x00000000eae00000)
  from space 2560K, 100% used [0x00000000eae00000,0x00000000eb080000,0x00000000eb080000)
  to   space 5120K, 0% used [0x00000000eb400000,0x00000000eb400000,0x00000000eb900000)
 ParOldGen       total 305664K, used 305440K [0x00000000c0000000, 0x00000000d2a80000, 0x00000000eab00000)
  object space 305664K, 99% used [0x00000000c0000000,0x00000000d2a48150,0x00000000d2a80000)
 Metaspace       used 77445K, committed 79040K, reserved 1179648K
  class space    used 7786K, committed 8512K, reserved 1048576K
}
Event: 3012.926 GC heap after
{Heap after GC invocations=387 (full 3):
 PSYoungGen      total 7168K, used 2600K [0x00000000eab00000, 0x00000000eb700000, 0x0000000100000000)
  eden space 4096K, 0% used [0x00000000eab00000,0x00000000eab00000,0x00000000eaf00000)
  from space 3072K, 84% used [0x00000000eb400000,0x00000000eb68a280,0x00000000eb700000)
  to   space 3584K, 0% used [0x00000000eb000000,0x00000000eb000000,0x00000000eb380000)
 ParOldGen       total 308224K, used 308032K [0x00000000c0000000, 0x00000000d2d00000, 0x00000000eab00000)
  object space 308224K, 99% used [0x00000000c0000000,0x00000000d2cd0160,0x00000000d2d00000)
 Metaspace       used 77445K, committed 79040K, reserved 1179648K
  class space    used 7786K, committed 8512K, reserved 1048576K
}
Event: 3012.989 GC heap before
{Heap before GC invocations=388 (full 3):
 PSYoungGen      total 7168K, used 6696K [0x00000000eab00000, 0x00000000eb700000, 0x0000000100000000)
  eden space 4096K, 100% used [0x00000000eab00000,0x00000000eaf00000,0x00000000eaf00000)
  from space 3072K, 84% used [0x00000000eb400000,0x00000000eb68a280,0x00000000eb700000)
  to   space 3584K, 0% used [0x00000000eb000000,0x00000000eb000000,0x00000000eb380000)
 ParOldGen       total 308224K, used 308032K [0x00000000c0000000, 0x00000000d2d00000, 0x00000000eab00000)
  object space 308224K, 99% used [0x00000000c0000000,0x00000000d2cd0160,0x00000000d2d00000)
 Metaspace       used 77447K, committed 79040K, reserved 1179648K
  class space    used 7786K, committed 8512K, reserved 1048576K
}
Event: 3014.011 GC heap after
{Heap after GC invocations=388 (full 3):
 PSYoungGen      total 7168K, used 1957K [0x00000000eab00000, 0x00000000eb500000, 0x0000000100000000)
  eden space 5120K, 0% used [0x00000000eab00000,0x00000000eab00000,0x00000000eb000000)
  from space 2048K, 95% used [0x00000000eb000000,0x00000000eb1e9400,0x00000000eb200000)
  to   space 2560K, 0% used [0x00000000eb280000,0x00000000eb280000,0x00000000eb500000)
 ParOldGen       total 310784K, used 310472K [0x00000000c0000000, 0x00000000d2f80000, 0x00000000eab00000)
  object space 310784K, 99% used [0x00000000c0000000,0x00000000d2f32160,0x00000000d2f80000)
 Metaspace       used 77447K, committed 79040K, reserved 1179648K
  class space    used 7786K, committed 8512K, reserved 1048576K
}
Event: 3014.217 GC heap before
{Heap before GC invocations=389 (full 3):
 PSYoungGen      total 7168K, used 7077K [0x00000000eab00000, 0x00000000eb500000, 0x0000000100000000)
  eden space 5120K, 100% used [0x00000000eab00000,0x00000000eb000000,0x00000000eb000000)
  from space 2048K, 95% used [0x00000000eb000000,0x00000000eb1e9400,0x00000000eb200000)
  to   space 2560K, 0% used [0x00000000eb280000,0x00000000eb280000,0x00000000eb500000)
 ParOldGen       total 310784K, used 310472K [0x00000000c0000000, 0x00000000d2f80000, 0x00000000eab00000)
  object space 310784K, 99% used [0x00000000c0000000,0x00000000d2f32160,0x00000000d2f80000)
 Metaspace       used 77491K, committed 79104K, reserved 1179648K
  class space    used 7786K, committed 8512K, reserved 1048576K
}
Event: 3016.237 GC heap after
{Heap after GC invocations=389 (full 3):
 PSYoungGen      total 7680K, used 2513K [0x00000000eab00000, 0x00000000eb500000, 0x0000000100000000)
  eden space 5120K, 0% used [0x00000000eab00000,0x00000000eab00000,0x00000000eb000000)
  from space 2560K, 98% used [0x00000000eb280000,0x00000000eb4f4630,0x00000000eb500000)
  to   space 2048K, 0% used [0x00000000eb000000,0x00000000eb000000,0x00000000eb200000)
 ParOldGen       total 311808K, used 311676K [0x00000000c0000000, 0x00000000d3080000, 0x00000000eab00000)
  object space 311808K, 99% used [0x00000000c0000000,0x00000000d305f170,0x00000000d3080000)
 Metaspace       used 77491K, committed 79104K, reserved 1179648K
  class space    used 7786K, committed 8512K, reserved 1048576K
}
Event: 3016.340 GC heap before
{Heap before GC invocations=390 (full 3):
 PSYoungGen      total 7680K, used 7633K [0x00000000eab00000, 0x00000000eb500000, 0x0000000100000000)
  eden space 5120K, 99% used [0x00000000eab00000,0x00000000eafffde8,0x00000000eb000000)
  from space 2560K, 98% used [0x00000000eb280000,0x00000000eb4f4630,0x00000000eb500000)
  to   space 2048K, 0% used [0x00000000eb000000,0x00000000eb000000,0x00000000eb200000)
 ParOldGen       total 311808K, used 311676K [0x00000000c0000000, 0x00000000d3080000, 0x00000000eab00000)
  object space 311808K, 99% used [0x00000000c0000000,0x00000000d305f170,0x00000000d3080000)
 Metaspace       used 77515K, committed 79168K, reserved 1179648K
  class space    used 7786K, committed 8512K, reserved 1048576K
}
Event: 3016.353 GC heap after
{Heap after GC invocations=390 (full 3):
 PSYoungGen      total 7168K, used 416K [0x00000000eab00000, 0x00000000eb400000, 0x0000000100000000)
  eden space 5120K, 0% used [0x00000000eab00000,0x00000000eab00000,0x00000000eb000000)
  from space 2048K, 20% used [0x00000000eb000000,0x00000000eb068000,0x00000000eb200000)
  to   space 1536K, 0% used [0x00000000eb280000,0x00000000eb280000,0x00000000eb400000)
 ParOldGen       total 314880K, used 314610K [0x00000000c0000000, 0x00000000d3380000, 0x00000000eab00000)
  object space 314880K, 99% used [0x00000000c0000000,0x00000000d333c8e0,0x00000000d3380000)
 Metaspace       used 77515K, committed 79168K, reserved 1179648K
  class space    used 7786K, committed 8512K, reserved 1048576K
}
Event: 3016.445 GC heap before
{Heap before GC invocations=391 (full 3):
 PSYoungGen      total 7168K, used 5535K [0x00000000eab00000, 0x00000000eb400000, 0x0000000100000000)
  eden space 5120K, 99% used [0x00000000eab00000,0x00000000eaffffe8,0x00000000eb000000)
  from space 2048K, 20% used [0x00000000eb000000,0x00000000eb068000,0x00000000eb200000)
  to   space 1536K, 0% used [0x00000000eb280000,0x00000000eb280000,0x00000000eb400000)
 ParOldGen       total 314880K, used 314610K [0x00000000c0000000, 0x00000000d3380000, 0x00000000eab00000)
  object space 314880K, 99% used [0x00000000c0000000,0x00000000d333c8e0,0x00000000d3380000)
 Metaspace       used 77530K, committed 79232K, reserved 1179648K
  class space    used 7787K, committed 8512K, reserved 1048576K
}
Event: 3016.449 GC heap after
{Heap after GC invocations=391 (full 3):
 PSYoungGen      total 7168K, used 1466K [0x00000000eab00000, 0x00000000eb500000, 0x0000000100000000)
  eden space 5632K, 0% used [0x00000000eab00000,0x00000000eab00000,0x00000000eb080000)
  from space 1536K, 95% used [0x00000000eb280000,0x00000000eb3eeaa0,0x00000000eb400000)
  to   space 2048K, 0% used [0x00000000eb080000,0x00000000eb080000,0x00000000eb280000)
 ParOldGen       total 315392K, used 314890K [0x00000000c0000000, 0x00000000d3400000, 0x00000000eab00000)
  object space 315392K, 99% used [0x00000000c0000000,0x00000000d33828e0,0x00000000d3400000)
 Metaspace       used 77530K, committed 79232K, reserved 1179648K
  class space    used 7787K, committed 8512K, reserved 1048576K
}

