<?xml version="1.0" encoding="UTF-8"?>
<testsuite xmlns:xsi="http://www.w3.org/2001/XMLSchema-instance" xsi:noNamespaceSchemaLocation="https://maven.apache.org/surefire/maven-surefire-plugin/xsd/surefire-test-report-3.0.xsd" version="3.0" name="com.server.HealthNet.HealthNetApplicationTests" time="4.461" tests="1" errors="0" skipped="0" failures="0">
  <properties>
[...]
</properties>
  <testcase name="contextLoads" classname="com.server.HealthNet.HealthNetApplicationTests" time="0.955">
    <system-out><![CDATA[00:21:55.741 [main] INFO org.springframework.test.context.support.AnnotationConfigContextLoaderUtils -- Could not detect default configuration classes for test class [com.server.HealthNet.HealthNetApplicationTests]: HealthNetApplicationTests does not declare any static, non-private, non-final, nested classes annotated with @Configuration.
00:21:55.883 [main] INFO org.springframework.boot.test.context.SpringBootTestContextBootstrapper -- Found @SpringBootConfiguration com.server.HealthNet.HealthNetApplication for test class com.server.HealthNet.HealthNetApplicationTests
00:21:56.100 [main] INFO org.springframework.boot.devtools.restart.RestartApplicationListener -- Restart disabled due to context in which it is running

  .   ____          _            __ _ _
 /\\ / ___'_ __ _ _(_)_ __  __ _ \ \ \ \
( ( )\___ | '_ | '_| | '_ \/ _` | \ \ \ \
 \\/  ___)| |_)| | | | | || (_| |  ) ) ) )
  '  |____| .__|_| |_|_| |_\__, | / / / /
 =========|_|==============|___/=/_/_/_/

 :: Spring Boot ::                (v3.3.5)

2024-12-06T00:21:56.431+05:00  INFO 16056 --- [           main] c.s.HealthNet.HealthNetApplicationTests  : Starting HealthNetApplicationTests using Java 21.0.3 with PID 16056 (started by user in C:\Users\user\Documents\java projects\final\HealthNet)
2024-12-06T00:21:56.434+05:00  INFO 16056 --- [           main] c.s.HealthNet.HealthNetApplicationTests  : No active profile set, falling back to 1 default profile: "default"
2024-12-06T00:21:57.976+05:00  INFO 16056 --- [           main] eAuthenticationProviderManagerConfigurer : Global AuthenticationManager configured with AuthenticationProvider bean with name authenticationProvider
2024-12-06T00:21:57.977+05:00  WARN 16056 --- [           main] r$InitializeUserDetailsManagerConfigurer : Global AuthenticationManager configured with an AuthenticationProvider bean. UserDetailsService beans will not be used for username/password login. Consider removing the AuthenticationProvider bean. Alternatively, consider using the UserDetailsService in a manually instantiated DaoAuthenticationProvider.
2024-12-06T00:21:58.997+05:00  INFO 16056 --- [           main] c.s.HealthNet.HealthNetApplicationTests  : Started HealthNetApplicationTests in 2.917 seconds (process running for 4.064)
]]></system-out>
    <system-err><![CDATA[WARNING: A Java agent has been loaded dynamically (C:\Users\user\.m2\repository\net\bytebuddy\byte-buddy-agent\1.14.19\byte-buddy-agent-1.14.19.jar)
WARNING: If a serviceability tool is in use, please run with -XX:+EnableDynamicAgentLoading to hide this warning
WARNING: If a serviceability tool is not in use, please run with -Djdk.instrument.traceUsage for more information
WARNING: Dynamic loading of agents will be disallowed by default in a future release
]]></system-err>
  </testcase>
</testsuite>